<?xml version="1.0" encoding="UTF-8"?>
<testsuite xmlns:xsi="http://www.w3.org/2001/XMLSchema-instance" xsi:noNamespaceSchemaLocation="https://maven.apache.org/surefire/maven-surefire-plugin/xsd/surefire-test-report.xsd" name="net.bigmir.StartUpAppApplicationTests" time="6.398" tests="1" errors="0" skipped="0" failures="0">
  <properties>
    <property name="sun.desktop" value="gnome"/>
    <property name="awt.toolkit" value="sun.awt.X11.XToolkit"/>
    <property name="file.encoding.pkg" value="sun.io"/>
    <property name="java.specification.version" value="1.8"/>
    <property name="sun.cpu.isalist" value=""/>
    <property name="sun.jnu.encoding" value="UTF-8"/>
    <property name="java.class.path" value="/home/olexandr/Projects/StartUpApp/target/test-classes:/home/olexandr/Projects/StartUpApp/target/classes:/home/olexandr/.m2/repository/org/springframework/security/spring-security-oauth2-client/5.1.5.RELEASE/spring-security-oauth2-client-5.1.5.RELEASE.jar:/home/olexandr/.m2/repository/com/nimbusds/oauth2-oidc-sdk/6.0/oauth2-oidc-sdk-6.0.jar:/home/olexandr/.m2/repository/com/github/stephenc/jcip/jcip-annotations/1.0-1/jcip-annotations-1.0-1.jar:/home/olexandr/.m2/repository/net/minidev/json-smart/2.3/json-smart-2.3.jar:/home/olexandr/.m2/repository/net/minidev/accessors-smart/1.2/accessors-smart-1.2.jar:/home/olexandr/.m2/repository/org/ow2/asm/asm/5.0.4/asm-5.0.4.jar:/home/olexandr/.m2/repository/com/nimbusds/lang-tag/1.4.4/lang-tag-1.4.4.jar:/home/olexandr/.m2/repository/org/springframework/security/spring-security-core/5.1.5.RELEASE/spring-security-core-5.1.5.RELEASE.jar:/home/olexandr/.m2/repository/org/springframework/security/spring-security-oauth2-core/5.1.5.RELEASE/spring-security-oauth2-core-5.1.5.RELEASE.jar:/home/olexandr/.m2/repository/org/springframework/spring-core/5.1.6.RELEASE/spring-core-5.1.6.RELEASE.jar:/home/olexandr/.m2/repository/org/springframework/spring-jcl/5.1.6.RELEASE/spring-jcl-5.1.6.RELEASE.jar:/home/olexandr/.m2/repository/org/springframework/security/spring-security-oauth2-jose/5.1.5.RELEASE/spring-security-oauth2-jose-5.1.5.RELEASE.jar:/home/olexandr/.m2/repository/com/nimbusds/nimbus-jose-jwt/6.0.2/nimbus-jose-jwt-6.0.2.jar:/home/olexandr/.m2/repository/org/springframework/security/spring-security-taglibs/5.1.4.RELEASE/spring-security-taglibs-5.1.4.RELEASE.jar:/home/olexandr/.m2/repository/org/springframework/security/spring-security-acl/5.1.5.RELEASE/spring-security-acl-5.1.5.RELEASE.jar:/home/olexandr/.m2/repository/org/springframework/spring-jdbc/5.1.6.RELEASE/spring-jdbc-5.1.6.RELEASE.jar:/home/olexandr/.m2/repository/org/springframework/spring-tx/5.1.6.RELEASE/spring-tx-5.1.6.RELEASE.jar:/home/olexandr/.m2/repository/org/springframework/spring-aop/5.1.6.RELEASE/spring-aop-5.1.6.RELEASE.jar:/home/olexandr/.m2/repository/org/springframework/spring-beans/5.1.6.RELEASE/spring-beans-5.1.6.RELEASE.jar:/home/olexandr/.m2/repository/org/springframework/spring-context/5.1.6.RELEASE/spring-context-5.1.6.RELEASE.jar:/home/olexandr/.m2/repository/org/springframework/spring-expression/5.1.6.RELEASE/spring-expression-5.1.6.RELEASE.jar:/home/olexandr/.m2/repository/org/springframework/spring-web/5.1.6.RELEASE/spring-web-5.1.6.RELEASE.jar:/home/olexandr/.m2/repository/mysql/mysql-connector-java/5.1.39/mysql-connector-java-5.1.39.jar:/home/olexandr/.m2/repository/org/hibernate/hibernate-entitymanager/5.1.10.Final/hibernate-entitymanager-5.1.10.Final.jar:/home/olexandr/.m2/repository/org/jboss/logging/jboss-logging/3.3.2.Final/jboss-logging-3.3.2.Final.jar:/home/olexandr/.m2/repository/dom4j/dom4j/1.6.1/dom4j-1.6.1.jar:/home/olexandr/.m2/repository/org/hibernate/common/hibernate-commons-annotations/5.0.1.Final/hibernate-commons-annotations-5.0.1.Final.jar:/home/olexandr/.m2/repository/org/hibernate/javax/persistence/hibernate-jpa-2.1-api/1.0.0.Final/hibernate-jpa-2.1-api-1.0.0.Final.jar:/home/olexandr/.m2/repository/org/javassist/javassist/3.20.0-GA/javassist-3.20.0-GA.jar:/home/olexandr/.m2/repository/org/apache/geronimo/specs/geronimo-jta_1.1_spec/1.1.1/geronimo-jta_1.1_spec-1.1.1.jar:/home/olexandr/.m2/repository/org/hibernate/hibernate-core/5.1.10.Final/hibernate-core-5.1.10.Final.jar:/home/olexandr/.m2/repository/antlr/antlr/2.7.7/antlr-2.7.7.jar:/home/olexandr/.m2/repository/org/jboss/jandex/2.0.3.Final/jandex-2.0.3.Final.jar:/home/olexandr/.m2/repository/com/fasterxml/classmate/1.4.0/classmate-1.4.0.jar:/home/olexandr/.m2/repository/commons-fileupload/commons-fileupload/1.3.1/commons-fileupload-1.3.1.jar:/home/olexandr/.m2/repository/commons-io/commons-io/2.2/commons-io-2.2.jar:/home/olexandr/.m2/repository/org/springframework/spring-test/5.1.5.RELEASE/spring-test-5.1.5.RELEASE.jar:/home/olexandr/.m2/repository/org/springframework/boot/spring-boot-test/2.1.3.RELEASE/spring-boot-test-2.1.3.RELEASE.jar:/home/olexandr/.m2/repository/org/springframework/boot/spring-boot/2.1.4.RELEASE/spring-boot-2.1.4.RELEASE.jar:/home/olexandr/.m2/repository/org/springframework/boot/spring-boot-starter-web/2.1.4.RELEASE/spring-boot-starter-web-2.1.4.RELEASE.jar:/home/olexandr/.m2/repository/org/springframework/boot/spring-boot-starter/2.1.4.RELEASE/spring-boot-starter-2.1.4.RELEASE.jar:/home/olexandr/.m2/repository/org/springframework/boot/spring-boot-autoconfigure/2.1.4.RELEASE/spring-boot-autoconfigure-2.1.4.RELEASE.jar:/home/olexandr/.m2/repository/org/springframework/boot/spring-boot-starter-logging/2.1.4.RELEASE/spring-boot-starter-logging-2.1.4.RELEASE.jar:/home/olexandr/.m2/repository/ch/qos/logback/logback-classic/1.2.3/logback-classic-1.2.3.jar:/home/olexandr/.m2/repository/ch/qos/logback/logback-core/1.2.3/logback-core-1.2.3.jar:/home/olexandr/.m2/repository/org/apache/logging/log4j/log4j-to-slf4j/2.11.2/log4j-to-slf4j-2.11.2.jar:/home/olexandr/.m2/repository/org/apache/logging/log4j/log4j-api/2.11.2/log4j-api-2.11.2.jar:/home/olexandr/.m2/repository/org/slf4j/jul-to-slf4j/1.7.26/jul-to-slf4j-1.7.26.jar:/home/olexandr/.m2/repository/javax/annotation/javax.annotation-api/1.3.2/javax.annotation-api-1.3.2.jar:/home/olexandr/.m2/repository/org/yaml/snakeyaml/1.23/snakeyaml-1.23.jar:/home/olexandr/.m2/repository/org/springframework/boot/spring-boot-starter-json/2.1.4.RELEASE/spring-boot-starter-json-2.1.4.RELEASE.jar:/home/olexandr/.m2/repository/com/fasterxml/jackson/core/jackson-databind/2.9.8/jackson-databind-2.9.8.jar:/home/olexandr/.m2/repository/com/fasterxml/jackson/core/jackson-annotations/2.9.0/jackson-annotations-2.9.0.jar:/home/olexandr/.m2/repository/com/fasterxml/jackson/core/jackson-core/2.9.8/jackson-core-2.9.8.jar:/home/olexandr/.m2/repository/com/fasterxml/jackson/datatype/jackson-datatype-jdk8/2.9.8/jackson-datatype-jdk8-2.9.8.jar:/home/olexandr/.m2/repository/com/fasterxml/jackson/datatype/jackson-datatype-jsr310/2.9.8/jackson-datatype-jsr310-2.9.8.jar:/home/olexandr/.m2/repository/com/fasterxml/jackson/module/jackson-module-parameter-names/2.9.8/jackson-module-parameter-names-2.9.8.jar:/home/olexandr/.m2/repository/org/springframework/boot/spring-boot-starter-tomcat/2.1.4.RELEASE/spring-boot-starter-tomcat-2.1.4.RELEASE.jar:/home/olexandr/.m2/repository/org/apache/tomcat/embed/tomcat-embed-websocket/9.0.17/tomcat-embed-websocket-9.0.17.jar:/home/olexandr/.m2/repository/org/hibernate/validator/hibernate-validator/6.0.16.Final/hibernate-validator-6.0.16.Final.jar:/home/olexandr/.m2/repository/javax/validation/validation-api/2.0.1.Final/validation-api-2.0.1.Final.jar:/home/olexandr/.m2/repository/org/springframework/spring-webmvc/5.1.6.RELEASE/spring-webmvc-5.1.6.RELEASE.jar:/home/olexandr/.m2/repository/org/springframework/boot/spring-boot-starter-data-jpa/2.1.4.RELEASE/spring-boot-starter-data-jpa-2.1.4.RELEASE.jar:/home/olexandr/.m2/repository/org/springframework/boot/spring-boot-starter-aop/2.1.4.RELEASE/spring-boot-starter-aop-2.1.4.RELEASE.jar:/home/olexandr/.m2/repository/org/aspectj/aspectjweaver/1.9.2/aspectjweaver-1.9.2.jar:/home/olexandr/.m2/repository/org/springframework/boot/spring-boot-starter-jdbc/2.1.4.RELEASE/spring-boot-starter-jdbc-2.1.4.RELEASE.jar:/home/olexandr/.m2/repository/com/zaxxer/HikariCP/3.2.0/HikariCP-3.2.0.jar:/home/olexandr/.m2/repository/javax/transaction/javax.transaction-api/1.3/javax.transaction-api-1.3.jar:/home/olexandr/.m2/repository/javax/xml/bind/jaxb-api/2.3.1/jaxb-api-2.3.1.jar:/home/olexandr/.m2/repository/javax/activation/javax.activation-api/1.2.0/javax.activation-api-1.2.0.jar:/home/olexandr/.m2/repository/org/springframework/data/spring-data-jpa/2.1.6.RELEASE/spring-data-jpa-2.1.6.RELEASE.jar:/home/olexandr/.m2/repository/org/springframework/data/spring-data-commons/2.1.6.RELEASE/spring-data-commons-2.1.6.RELEASE.jar:/home/olexandr/.m2/repository/org/springframework/spring-orm/5.1.6.RELEASE/spring-orm-5.1.6.RELEASE.jar:/home/olexandr/.m2/repository/org/slf4j/slf4j-api/1.7.26/slf4j-api-1.7.26.jar:/home/olexandr/.m2/repository/org/springframework/spring-aspects/5.1.6.RELEASE/spring-aspects-5.1.6.RELEASE.jar:/home/olexandr/.m2/repository/javax/servlet/jstl/1.2/jstl-1.2.jar:/home/olexandr/.m2/repository/org/springframework/boot/spring-boot-starter-mail/2.1.4.RELEASE/spring-boot-starter-mail-2.1.4.RELEASE.jar:/home/olexandr/.m2/repository/org/springframework/spring-context-support/5.1.6.RELEASE/spring-context-support-5.1.6.RELEASE.jar:/home/olexandr/.m2/repository/com/sun/mail/javax.mail/1.6.2/javax.mail-1.6.2.jar:/home/olexandr/.m2/repository/javax/activation/activation/1.1/activation-1.1.jar:/home/olexandr/.m2/repository/org/springframework/security/spring-security-web/5.1.5.RELEASE/spring-security-web-5.1.5.RELEASE.jar:/home/olexandr/.m2/repository/org/springframework/security/spring-security-config/5.1.5.RELEASE/spring-security-config-5.1.5.RELEASE.jar:/home/olexandr/.m2/repository/org/postgresql/postgresql/42.2.5/postgresql-42.2.5.jar:/home/olexandr/.m2/repository/org/apache/tomcat/embed/tomcat-embed-jasper/8.0.53/tomcat-embed-jasper-8.0.53.jar:/home/olexandr/.m2/repository/org/apache/tomcat/embed/tomcat-embed-core/9.0.17/tomcat-embed-core-9.0.17.jar:/home/olexandr/.m2/repository/org/apache/tomcat/tomcat-annotations-api/9.0.17/tomcat-annotations-api-9.0.17.jar:/home/olexandr/.m2/repository/org/apache/tomcat/embed/tomcat-embed-el/9.0.17/tomcat-embed-el-9.0.17.jar:/home/olexandr/.m2/repository/org/eclipse/jdt/ecj/3.12.3/ecj-3.12.3.jar:/home/olexandr/.m2/repository/org/projectlombok/lombok/1.16.18/lombok-1.16.18.jar:/home/olexandr/.m2/repository/junit/junit/4.12/junit-4.12.jar:/home/olexandr/.m2/repository/org/hamcrest/hamcrest-core/1.3/hamcrest-core-1.3.jar:/home/olexandr/.m2/repository/com/google/code/gson/gson/2.8.0/gson-2.8.0.jar:/home/olexandr/.m2/repository/org/springframework/boot/spring-boot-starter-websocket/2.1.4.RELEASE/spring-boot-starter-websocket-2.1.4.RELEASE.jar:/home/olexandr/.m2/repository/org/springframework/spring-messaging/5.1.6.RELEASE/spring-messaging-5.1.6.RELEASE.jar:/home/olexandr/.m2/repository/org/springframework/spring-websocket/5.1.6.RELEASE/spring-websocket-5.1.6.RELEASE.jar:/home/olexandr/.m2/repository/org/springframework/boot/spring-boot-starter-reactor-netty/2.1.4.RELEASE/spring-boot-starter-reactor-netty-2.1.4.RELEASE.jar:/home/olexandr/.m2/repository/io/projectreactor/netty/reactor-netty/0.8.6.RELEASE/reactor-netty-0.8.6.RELEASE.jar:/home/olexandr/.m2/repository/io/netty/netty-codec-http/4.1.34.Final/netty-codec-http-4.1.34.Final.jar:/home/olexandr/.m2/repository/io/netty/netty-common/4.1.34.Final/netty-common-4.1.34.Final.jar:/home/olexandr/.m2/repository/io/netty/netty-buffer/4.1.34.Final/netty-buffer-4.1.34.Final.jar:/home/olexandr/.m2/repository/io/netty/netty-transport/4.1.34.Final/netty-transport-4.1.34.Final.jar:/home/olexandr/.m2/repository/io/netty/netty-resolver/4.1.34.Final/netty-resolver-4.1.34.Final.jar:/home/olexandr/.m2/repository/io/netty/netty-codec/4.1.34.Final/netty-codec-4.1.34.Final.jar:/home/olexandr/.m2/repository/io/netty/netty-codec-http2/4.1.34.Final/netty-codec-http2-4.1.34.Final.jar:/home/olexandr/.m2/repository/io/netty/netty-handler/4.1.34.Final/netty-handler-4.1.34.Final.jar:/home/olexandr/.m2/repository/io/netty/netty-handler-proxy/4.1.34.Final/netty-handler-proxy-4.1.34.Final.jar:/home/olexandr/.m2/repository/io/netty/netty-codec-socks/4.1.34.Final/netty-codec-socks-4.1.34.Final.jar:/home/olexandr/.m2/repository/io/netty/netty-transport-native-epoll/4.1.34.Final/netty-transport-native-epoll-4.1.34.Final-linux-x86_64.jar:/home/olexandr/.m2/repository/io/netty/netty-transport-native-unix-common/4.1.34.Final/netty-transport-native-unix-common-4.1.34.Final.jar:/home/olexandr/.m2/repository/io/projectreactor/reactor-core/3.2.8.RELEASE/reactor-core-3.2.8.RELEASE.jar:/home/olexandr/.m2/repository/org/reactivestreams/reactive-streams/1.0.2/reactive-streams-1.0.2.jar:/usr/lib/jvm/java-8-openjdk-amd64/jre/lib/rt.jar:"/>
    <property name="java.vm.vendor" value="Oracle Corporation"/>
    <property name="sun.arch.data.model" value="64"/>
    <property name="java.vendor.url" value="http://java.oracle.com/"/>
    <property name="user.timezone" value=""/>
    <property name="java.vm.specification.version" value="1.8"/>
    <property name="os.name" value="Linux"/>
    <property name="user.country" value="UA"/>
    <property name="sun.java.launcher" value="SUN_STANDARD"/>
    <property name="sun.boot.library.path" value="/usr/lib/jvm/java-8-openjdk-amd64/jre/lib/amd64"/>
    <property name="sun.java.command" value="/home/olexandr/Projects/StartUpApp/target/surefire/surefirebooter2754536668518154733.jar /home/olexandr/Projects/StartUpApp/target/surefire 2019-06-22T14-56-40_033-jvmRun1 surefire4232917271416801824tmp surefire_05139431378704923255tmp"/>
    <property name="surefire.test.class.path" value="/home/olexandr/Projects/StartUpApp/target/test-classes:/home/olexandr/Projects/StartUpApp/target/classes:/home/olexandr/.m2/repository/org/springframework/security/spring-security-oauth2-client/5.1.5.RELEASE/spring-security-oauth2-client-5.1.5.RELEASE.jar:/home/olexandr/.m2/repository/com/nimbusds/oauth2-oidc-sdk/6.0/oauth2-oidc-sdk-6.0.jar:/home/olexandr/.m2/repository/com/github/stephenc/jcip/jcip-annotations/1.0-1/jcip-annotations-1.0-1.jar:/home/olexandr/.m2/repository/net/minidev/json-smart/2.3/json-smart-2.3.jar:/home/olexandr/.m2/repository/net/minidev/accessors-smart/1.2/accessors-smart-1.2.jar:/home/olexandr/.m2/repository/org/ow2/asm/asm/5.0.4/asm-5.0.4.jar:/home/olexandr/.m2/repository/com/nimbusds/lang-tag/1.4.4/lang-tag-1.4.4.jar:/home/olexandr/.m2/repository/org/springframework/security/spring-security-core/5.1.5.RELEASE/spring-security-core-5.1.5.RELEASE.jar:/home/olexandr/.m2/repository/org/springframework/security/spring-security-oauth2-core/5.1.5.RELEASE/spring-security-oauth2-core-5.1.5.RELEASE.jar:/home/olexandr/.m2/repository/org/springframework/spring-core/5.1.6.RELEASE/spring-core-5.1.6.RELEASE.jar:/home/olexandr/.m2/repository/org/springframework/spring-jcl/5.1.6.RELEASE/spring-jcl-5.1.6.RELEASE.jar:/home/olexandr/.m2/repository/org/springframework/security/spring-security-oauth2-jose/5.1.5.RELEASE/spring-security-oauth2-jose-5.1.5.RELEASE.jar:/home/olexandr/.m2/repository/com/nimbusds/nimbus-jose-jwt/6.0.2/nimbus-jose-jwt-6.0.2.jar:/home/olexandr/.m2/repository/org/springframework/security/spring-security-taglibs/5.1.4.RELEASE/spring-security-taglibs-5.1.4.RELEASE.jar:/home/olexandr/.m2/repository/org/springframework/security/spring-security-acl/5.1.5.RELEASE/spring-security-acl-5.1.5.RELEASE.jar:/home/olexandr/.m2/repository/org/springframework/spring-jdbc/5.1.6.RELEASE/spring-jdbc-5.1.6.RELEASE.jar:/home/olexandr/.m2/repository/org/springframework/spring-tx/5.1.6.RELEASE/spring-tx-5.1.6.RELEASE.jar:/home/olexandr/.m2/repository/org/springframework/spring-aop/5.1.6.RELEASE/spring-aop-5.1.6.RELEASE.jar:/home/olexandr/.m2/repository/org/springframework/spring-beans/5.1.6.RELEASE/spring-beans-5.1.6.RELEASE.jar:/home/olexandr/.m2/repository/org/springframework/spring-context/5.1.6.RELEASE/spring-context-5.1.6.RELEASE.jar:/home/olexandr/.m2/repository/org/springframework/spring-expression/5.1.6.RELEASE/spring-expression-5.1.6.RELEASE.jar:/home/olexandr/.m2/repository/org/springframework/spring-web/5.1.6.RELEASE/spring-web-5.1.6.RELEASE.jar:/home/olexandr/.m2/repository/mysql/mysql-connector-java/5.1.39/mysql-connector-java-5.1.39.jar:/home/olexandr/.m2/repository/org/hibernate/hibernate-entitymanager/5.1.10.Final/hibernate-entitymanager-5.1.10.Final.jar:/home/olexandr/.m2/repository/org/jboss/logging/jboss-logging/3.3.2.Final/jboss-logging-3.3.2.Final.jar:/home/olexandr/.m2/repository/dom4j/dom4j/1.6.1/dom4j-1.6.1.jar:/home/olexandr/.m2/repository/org/hibernate/common/hibernate-commons-annotations/5.0.1.Final/hibernate-commons-annotations-5.0.1.Final.jar:/home/olexandr/.m2/repository/org/hibernate/javax/persistence/hibernate-jpa-2.1-api/1.0.0.Final/hibernate-jpa-2.1-api-1.0.0.Final.jar:/home/olexandr/.m2/repository/org/javassist/javassist/3.20.0-GA/javassist-3.20.0-GA.jar:/home/olexandr/.m2/repository/org/apache/geronimo/specs/geronimo-jta_1.1_spec/1.1.1/geronimo-jta_1.1_spec-1.1.1.jar:/home/olexandr/.m2/repository/org/hibernate/hibernate-core/5.1.10.Final/hibernate-core-5.1.10.Final.jar:/home/olexandr/.m2/repository/antlr/antlr/2.7.7/antlr-2.7.7.jar:/home/olexandr/.m2/repository/org/jboss/jandex/2.0.3.Final/jandex-2.0.3.Final.jar:/home/olexandr/.m2/repository/com/fasterxml/classmate/1.4.0/classmate-1.4.0.jar:/home/olexandr/.m2/repository/commons-fileupload/commons-fileupload/1.3.1/commons-fileupload-1.3.1.jar:/home/olexandr/.m2/repository/commons-io/commons-io/2.2/commons-io-2.2.jar:/home/olexandr/.m2/repository/org/springframework/spring-test/5.1.5.RELEASE/spring-test-5.1.5.RELEASE.jar:/home/olexandr/.m2/repository/org/springframework/boot/spring-boot-test/2.1.3.RELEASE/spring-boot-test-2.1.3.RELEASE.jar:/home/olexandr/.m2/repository/org/springframework/boot/spring-boot/2.1.4.RELEASE/spring-boot-2.1.4.RELEASE.jar:/home/olexandr/.m2/repository/org/springframework/boot/spring-boot-starter-web/2.1.4.RELEASE/spring-boot-starter-web-2.1.4.RELEASE.jar:/home/olexandr/.m2/repository/org/springframework/boot/spring-boot-starter/2.1.4.RELEASE/spring-boot-starter-2.1.4.RELEASE.jar:/home/olexandr/.m2/repository/org/springframework/boot/spring-boot-autoconfigure/2.1.4.RELEASE/spring-boot-autoconfigure-2.1.4.RELEASE.jar:/home/olexandr/.m2/repository/org/springframework/boot/spring-boot-starter-logging/2.1.4.RELEASE/spring-boot-starter-logging-2.1.4.RELEASE.jar:/home/olexandr/.m2/repository/ch/qos/logback/logback-classic/1.2.3/logback-classic-1.2.3.jar:/home/olexandr/.m2/repository/ch/qos/logback/logback-core/1.2.3/logback-core-1.2.3.jar:/home/olexandr/.m2/repository/org/apache/logging/log4j/log4j-to-slf4j/2.11.2/log4j-to-slf4j-2.11.2.jar:/home/olexandr/.m2/repository/org/apache/logging/log4j/log4j-api/2.11.2/log4j-api-2.11.2.jar:/home/olexandr/.m2/repository/org/slf4j/jul-to-slf4j/1.7.26/jul-to-slf4j-1.7.26.jar:/home/olexandr/.m2/repository/javax/annotation/javax.annotation-api/1.3.2/javax.annotation-api-1.3.2.jar:/home/olexandr/.m2/repository/org/yaml/snakeyaml/1.23/snakeyaml-1.23.jar:/home/olexandr/.m2/repository/org/springframework/boot/spring-boot-starter-json/2.1.4.RELEASE/spring-boot-starter-json-2.1.4.RELEASE.jar:/home/olexandr/.m2/repository/com/fasterxml/jackson/core/jackson-databind/2.9.8/jackson-databind-2.9.8.jar:/home/olexandr/.m2/repository/com/fasterxml/jackson/core/jackson-annotations/2.9.0/jackson-annotations-2.9.0.jar:/home/olexandr/.m2/repository/com/fasterxml/jackson/core/jackson-core/2.9.8/jackson-core-2.9.8.jar:/home/olexandr/.m2/repository/com/fasterxml/jackson/datatype/jackson-datatype-jdk8/2.9.8/jackson-datatype-jdk8-2.9.8.jar:/home/olexandr/.m2/repository/com/fasterxml/jackson/datatype/jackson-datatype-jsr310/2.9.8/jackson-datatype-jsr310-2.9.8.jar:/home/olexandr/.m2/repository/com/fasterxml/jackson/module/jackson-module-parameter-names/2.9.8/jackson-module-parameter-names-2.9.8.jar:/home/olexandr/.m2/repository/org/springframework/boot/spring-boot-starter-tomcat/2.1.4.RELEASE/spring-boot-starter-tomcat-2.1.4.RELEASE.jar:/home/olexandr/.m2/repository/org/apache/tomcat/embed/tomcat-embed-websocket/9.0.17/tomcat-embed-websocket-9.0.17.jar:/home/olexandr/.m2/repository/org/hibernate/validator/hibernate-validator/6.0.16.Final/hibernate-validator-6.0.16.Final.jar:/home/olexandr/.m2/repository/javax/validation/validation-api/2.0.1.Final/validation-api-2.0.1.Final.jar:/home/olexandr/.m2/repository/org/springframework/spring-webmvc/5.1.6.RELEASE/spring-webmvc-5.1.6.RELEASE.jar:/home/olexandr/.m2/repository/org/springframework/boot/spring-boot-starter-data-jpa/2.1.4.RELEASE/spring-boot-starter-data-jpa-2.1.4.RELEASE.jar:/home/olexandr/.m2/repository/org/springframework/boot/spring-boot-starter-aop/2.1.4.RELEASE/spring-boot-starter-aop-2.1.4.RELEASE.jar:/home/olexandr/.m2/repository/org/aspectj/aspectjweaver/1.9.2/aspectjweaver-1.9.2.jar:/home/olexandr/.m2/repository/org/springframework/boot/spring-boot-starter-jdbc/2.1.4.RELEASE/spring-boot-starter-jdbc-2.1.4.RELEASE.jar:/home/olexandr/.m2/repository/com/zaxxer/HikariCP/3.2.0/HikariCP-3.2.0.jar:/home/olexandr/.m2/repository/javax/transaction/javax.transaction-api/1.3/javax.transaction-api-1.3.jar:/home/olexandr/.m2/repository/javax/xml/bind/jaxb-api/2.3.1/jaxb-api-2.3.1.jar:/home/olexandr/.m2/repository/javax/activation/javax.activation-api/1.2.0/javax.activation-api-1.2.0.jar:/home/olexandr/.m2/repository/org/springframework/data/spring-data-jpa/2.1.6.RELEASE/spring-data-jpa-2.1.6.RELEASE.jar:/home/olexandr/.m2/repository/org/springframework/data/spring-data-commons/2.1.6.RELEASE/spring-data-commons-2.1.6.RELEASE.jar:/home/olexandr/.m2/repository/org/springframework/spring-orm/5.1.6.RELEASE/spring-orm-5.1.6.RELEASE.jar:/home/olexandr/.m2/repository/org/slf4j/slf4j-api/1.7.26/slf4j-api-1.7.26.jar:/home/olexandr/.m2/repository/org/springframework/spring-aspects/5.1.6.RELEASE/spring-aspects-5.1.6.RELEASE.jar:/home/olexandr/.m2/repository/javax/servlet/jstl/1.2/jstl-1.2.jar:/home/olexandr/.m2/repository/org/springframework/boot/spring-boot-starter-mail/2.1.4.RELEASE/spring-boot-starter-mail-2.1.4.RELEASE.jar:/home/olexandr/.m2/repository/org/springframework/spring-context-support/5.1.6.RELEASE/spring-context-support-5.1.6.RELEASE.jar:/home/olexandr/.m2/repository/com/sun/mail/javax.mail/1.6.2/javax.mail-1.6.2.jar:/home/olexandr/.m2/repository/javax/activation/activation/1.1/activation-1.1.jar:/home/olexandr/.m2/repository/org/springframework/security/spring-security-web/5.1.5.RELEASE/spring-security-web-5.1.5.RELEASE.jar:/home/olexandr/.m2/repository/org/springframework/security/spring-security-config/5.1.5.RELEASE/spring-security-config-5.1.5.RELEASE.jar:/home/olexandr/.m2/repository/org/postgresql/postgresql/42.2.5/postgresql-42.2.5.jar:/home/olexandr/.m2/repository/org/apache/tomcat/embed/tomcat-embed-jasper/8.0.53/tomcat-embed-jasper-8.0.53.jar:/home/olexandr/.m2/repository/org/apache/tomcat/embed/tomcat-embed-core/9.0.17/tomcat-embed-core-9.0.17.jar:/home/olexandr/.m2/repository/org/apache/tomcat/tomcat-annotations-api/9.0.17/tomcat-annotations-api-9.0.17.jar:/home/olexandr/.m2/repository/org/apache/tomcat/embed/tomcat-embed-el/9.0.17/tomcat-embed-el-9.0.17.jar:/home/olexandr/.m2/repository/org/eclipse/jdt/ecj/3.12.3/ecj-3.12.3.jar:/home/olexandr/.m2/repository/org/projectlombok/lombok/1.16.18/lombok-1.16.18.jar:/home/olexandr/.m2/repository/junit/junit/4.12/junit-4.12.jar:/home/olexandr/.m2/repository/org/hamcrest/hamcrest-core/1.3/hamcrest-core-1.3.jar:/home/olexandr/.m2/repository/com/google/code/gson/gson/2.8.0/gson-2.8.0.jar:/home/olexandr/.m2/repository/org/springframework/boot/spring-boot-starter-websocket/2.1.4.RELEASE/spring-boot-starter-websocket-2.1.4.RELEASE.jar:/home/olexandr/.m2/repository/org/springframework/spring-messaging/5.1.6.RELEASE/spring-messaging-5.1.6.RELEASE.jar:/home/olexandr/.m2/repository/org/springframework/spring-websocket/5.1.6.RELEASE/spring-websocket-5.1.6.RELEASE.jar:/home/olexandr/.m2/repository/org/springframework/boot/spring-boot-starter-reactor-netty/2.1.4.RELEASE/spring-boot-starter-reactor-netty-2.1.4.RELEASE.jar:/home/olexandr/.m2/repository/io/projectreactor/netty/reactor-netty/0.8.6.RELEASE/reactor-netty-0.8.6.RELEASE.jar:/home/olexandr/.m2/repository/io/netty/netty-codec-http/4.1.34.Final/netty-codec-http-4.1.34.Final.jar:/home/olexandr/.m2/repository/io/netty/netty-common/4.1.34.Final/netty-common-4.1.34.Final.jar:/home/olexandr/.m2/repository/io/netty/netty-buffer/4.1.34.Final/netty-buffer-4.1.34.Final.jar:/home/olexandr/.m2/repository/io/netty/netty-transport/4.1.34.Final/netty-transport-4.1.34.Final.jar:/home/olexandr/.m2/repository/io/netty/netty-resolver/4.1.34.Final/netty-resolver-4.1.34.Final.jar:/home/olexandr/.m2/repository/io/netty/netty-codec/4.1.34.Final/netty-codec-4.1.34.Final.jar:/home/olexandr/.m2/repository/io/netty/netty-codec-http2/4.1.34.Final/netty-codec-http2-4.1.34.Final.jar:/home/olexandr/.m2/repository/io/netty/netty-handler/4.1.34.Final/netty-handler-4.1.34.Final.jar:/home/olexandr/.m2/repository/io/netty/netty-handler-proxy/4.1.34.Final/netty-handler-proxy-4.1.34.Final.jar:/home/olexandr/.m2/repository/io/netty/netty-codec-socks/4.1.34.Final/netty-codec-socks-4.1.34.Final.jar:/home/olexandr/.m2/repository/io/netty/netty-transport-native-epoll/4.1.34.Final/netty-transport-native-epoll-4.1.34.Final-linux-x86_64.jar:/home/olexandr/.m2/repository/io/netty/netty-transport-native-unix-common/4.1.34.Final/netty-transport-native-unix-common-4.1.34.Final.jar:/home/olexandr/.m2/repository/io/projectreactor/reactor-core/3.2.8.RELEASE/reactor-core-3.2.8.RELEASE.jar:/home/olexandr/.m2/repository/org/reactivestreams/reactive-streams/1.0.2/reactive-streams-1.0.2.jar:/usr/lib/jvm/java-8-openjdk-amd64/jre/lib/rt.jar:"/>
    <property name="sun.cpu.endian" value="little"/>
    <property name="user.home" value="/home/olexandr"/>
    <property name="user.language" value="uk"/>
    <property name="java.specification.vendor" value="Oracle Corporation"/>
    <property name="java.home" value="/usr/lib/jvm/java-8-openjdk-amd64/jre"/>
    <property name="basedir" value="/home/olexandr/Projects/StartUpApp"/>
    <property name="file.separator" value="/"/>
    <property name="line.separator" value="&#10;"/>
    <property name="java.vm.specification.vendor" value="Oracle Corporation"/>
    <property name="java.specification.name" value="Java Platform API Specification"/>
    <property name="java.awt.graphicsenv" value="sun.awt.X11GraphicsEnvironment"/>
    <property name="surefire.real.class.path" value="/home/olexandr/Projects/StartUpApp/target/surefire/surefirebooter2754536668518154733.jar"/>
    <property name="sun.boot.class.path" value="/usr/lib/jvm/java-8-openjdk-amd64/jre/lib/resources.jar:/usr/lib/jvm/java-8-openjdk-amd64/jre/lib/rt.jar:/usr/lib/jvm/java-8-openjdk-amd64/jre/lib/sunrsasign.jar:/usr/lib/jvm/java-8-openjdk-amd64/jre/lib/jsse.jar:/usr/lib/jvm/java-8-openjdk-amd64/jre/lib/jce.jar:/usr/lib/jvm/java-8-openjdk-amd64/jre/lib/charsets.jar:/usr/lib/jvm/java-8-openjdk-amd64/jre/lib/jfr.jar:/usr/lib/jvm/java-8-openjdk-amd64/jre/classes"/>
    <property name="sun.management.compiler" value="HotSpot 64-Bit Tiered Compilers"/>
    <property name="java.runtime.version" value="1.8.0_212-8u212-b03-0ubuntu1.18.10.1-b03"/>
    <property name="user.name" value="olexandr"/>
    <property name="path.separator" value=":"/>
    <property name="os.version" value="4.18.0-21-generic"/>
    <property name="java.endorsed.dirs" value="/usr/lib/jvm/java-8-openjdk-amd64/jre/lib/endorsed"/>
    <property name="java.runtime.name" value="OpenJDK Runtime Environment"/>
    <property name="file.encoding" value="UTF-8"/>
    <property name="java.vm.name" value="OpenJDK 64-Bit Server VM"/>
    <property name="localRepository" value="/home/olexandr/.m2/repository"/>
    <property name="java.vendor.url.bug" value="http://bugreport.sun.com/bugreport/"/>
    <property name="java.io.tmpdir" value="/tmp"/>
    <property name="java.version" value="1.8.0_212"/>
    <property name="user.dir" value="/home/olexandr/Projects/StartUpApp"/>
    <property name="os.arch" value="amd64"/>
    <property name="java.vm.specification.name" value="Java Virtual Machine Specification"/>
    <property name="java.awt.printerjob" value="sun.print.PSPrinterJob"/>
    <property name="sun.os.patch.level" value="unknown"/>
    <property name="idea.version2019.1.1" value="true"/>
    <property name="java.library.path" value="/usr/java/packages/lib/amd64:/usr/lib/x86_64-linux-gnu/jni:/lib/x86_64-linux-gnu:/usr/lib/x86_64-linux-gnu:/usr/lib/jni:/lib:/usr/lib"/>
    <property name="java.vm.info" value="mixed mode"/>
    <property name="java.vendor" value="Oracle Corporation"/>
    <property name="java.vm.version" value="25.212-b03"/>
    <property name="java.ext.dirs" value="/usr/lib/jvm/java-8-openjdk-amd64/jre/lib/ext:/usr/java/packages/lib/ext"/>
    <property name="sun.io.unicode.encoding" value="UnicodeLittle"/>
    <property name="java.class.version" value="52.0"/>
  </properties>
  <testcase name="contextLoads" classname="net.bigmir.StartUpAppApplicationTests" time="0.004"/>
</testsuite>